[2015-08-13 15:27:12 [ERROR]] The variable CLCF::PATH is unbound.
Backtrace for: #<SB-THREAD:THREAD "hunchentoot-worker-127.0.0.1:46785" RUNNING {D58FDE9}>
0: (HUNCHENTOOT:REDIRECT)
1: ((:METHOD HUNCHENTOOT:HANDLE-REQUEST (HUNCHENTOOT:ACCEPTOR HUNCHENTOOT:REQUEST)) #<HUNCHENTOOT:EASY-ACCEPTOR (host *, port 8098)> #<HUNCHENTOOT:REQUEST {CA52329}>) [fast-method]
2: ((:METHOD HUNCHENTOOT:PROCESS-REQUEST (T)) #<HUNCHENTOOT:REQUEST {CA52329}>) [fast-method]
3: (HUNCHENTOOT::DO-WITH-ACCEPTOR-REQUEST-COUNT-INCREMENTED #<HUNCHENTOOT:EASY-ACCEPTOR (host *, port 8098)> #<CLOSURE (LAMBDA NIL :IN HUNCHENTOOT:PROCESS-CONNECTION) {CA51B15}>)
4: ((:METHOD HUNCHENTOOT:PROCESS-CONNECTION (HUNCHENTOOT:ACCEPTOR T)) #<HUNCHENTOOT:EASY-ACCEPTOR (host *, port 8098)> #<USOCKET:STREAM-USOCKET {D58D381}>) [fast-method]
5: ((:METHOD HUNCHENTOOT:PROCESS-CONNECTION :AROUND (HUNCHENTOOT:ACCEPTOR T)) #<HUNCHENTOOT:EASY-ACCEPTOR (host *, port 8098)> #<USOCKET:STREAM-USOCKET {D58D381}>) [fast-method]
6: ((FLET HUNCHENTOOT::PROCESS-CONNECTION% :IN HUNCHENTOOT::HANDLE-INCOMING-CONNECTION%) #<HUNCHENTOOT:EASY-ACCEPTOR (host *, port 8098)> #<USOCKET:STREAM-USOCKET {D58D381}>)
7: ((LAMBDA NIL :IN BORDEAUX-THREADS::BINDING-DEFAULT-SPECIALS))
8: ((FLET #:WITHOUT-INTERRUPTS-BODY-1195 :IN SB-THREAD::INITIAL-THREAD-FUNCTION-TRAMPOLINE))
9: ((FLET SB-THREAD::WITH-MUTEX-THUNK :IN SB-THREAD::INITIAL-THREAD-FUNCTION-TRAMPOLINE))
10: ((FLET #:WITHOUT-INTERRUPTS-BODY-647 :IN SB-THREAD::CALL-WITH-MUTEX))
11: (SB-THREAD::CALL-WITH-MUTEX #<CLOSURE (FLET SB-THREAD::WITH-MUTEX-THUNK :IN SB-THREAD::INITIAL-THREAD-FUNCTION-TRAMPOLINE) {A719213D}> #<SB-THREAD:MUTEX "thread result lock" owner: #<SB-THREAD:THREAD "hunchentoot-worker-127.0.0.1:46785" RUNNING {D58FDE9}>> NIL T NIL)
12: (SB-THREAD::INITIAL-THREAD-FUNCTION-TRAMPOLINE #<SB-THREAD:THREAD "hunchentoot-worker-127.0.0.1:46785" RUNNING {D58FDE9}> #S(SB-THREAD:SEMAPHORE :NAME "Thread setup semaphore" :%COUNT 0 :WAITCOUNT 0 :MUTEX #<SB-THREAD:MUTEX (free) {D58FE21}> :QUEUE #<SB-THREAD:WAITQUEUE  {DAFAA19}>) #<CLOSURE (LAMBDA NIL :IN BORDEAUX-THREADS::BINDING-DEFAULT-SPECIALS) {D58FD9D}> NIL NIL NIL NIL)
13: ("foreign function: call_into_lisp")
14: ("foreign function: funcall0")
15: ("foreign function: new_thread_trampoline")
16: ("foreign function: #x529B69")

[2015-08-13 15:27:24 [ERROR]] The function CLCF::PATH is undefined.
Backtrace for: #<SB-THREAD:THREAD "hunchentoot-worker-127.0.0.1:46785" RUNNING {D58FDE9}>
0: ("undefined function")
1: (HUNCHENTOOT:REDIRECT)
2: ((:METHOD HUNCHENTOOT:HANDLE-REQUEST (HUNCHENTOOT:ACCEPTOR HUNCHENTOOT:REQUEST)) #<HUNCHENTOOT:EASY-ACCEPTOR (host *, port 8098)> #<HUNCHENTOOT:REQUEST {CB9D6C1}>) [fast-method]
3: ((:METHOD HUNCHENTOOT:PROCESS-REQUEST (T)) #<HUNCHENTOOT:REQUEST {CB9D6C1}>) [fast-method]
4: (HUNCHENTOOT::DO-WITH-ACCEPTOR-REQUEST-COUNT-INCREMENTED #<HUNCHENTOOT:EASY-ACCEPTOR (host *, port 8098)> #<CLOSURE (LAMBDA NIL :IN HUNCHENTOOT:PROCESS-CONNECTION) {CB9CEB5}>)
5: ((:METHOD HUNCHENTOOT:PROCESS-CONNECTION (HUNCHENTOOT:ACCEPTOR T)) #<HUNCHENTOOT:EASY-ACCEPTOR (host *, port 8098)> #<USOCKET:STREAM-USOCKET {D58D381}>) [fast-method]
6: ((:METHOD HUNCHENTOOT:PROCESS-CONNECTION :AROUND (HUNCHENTOOT:ACCEPTOR T)) #<HUNCHENTOOT:EASY-ACCEPTOR (host *, port 8098)> #<USOCKET:STREAM-USOCKET {D58D381}>) [fast-method]
7: ((FLET HUNCHENTOOT::PROCESS-CONNECTION% :IN HUNCHENTOOT::HANDLE-INCOMING-CONNECTION%) #<HUNCHENTOOT:EASY-ACCEPTOR (host *, port 8098)> #<USOCKET:STREAM-USOCKET {D58D381}>)
8: ((LAMBDA NIL :IN BORDEAUX-THREADS::BINDING-DEFAULT-SPECIALS))
9: ((FLET #:WITHOUT-INTERRUPTS-BODY-1195 :IN SB-THREAD::INITIAL-THREAD-FUNCTION-TRAMPOLINE))
10: ((FLET SB-THREAD::WITH-MUTEX-THUNK :IN SB-THREAD::INITIAL-THREAD-FUNCTION-TRAMPOLINE))
11: ((FLET #:WITHOUT-INTERRUPTS-BODY-647 :IN SB-THREAD::CALL-WITH-MUTEX))
12: (SB-THREAD::CALL-WITH-MUTEX #<CLOSURE (FLET SB-THREAD::WITH-MUTEX-THUNK :IN SB-THREAD::INITIAL-THREAD-FUNCTION-TRAMPOLINE) {A719213D}> #<SB-THREAD:MUTEX "thread result lock" owner: #<SB-THREAD:THREAD "hunchentoot-worker-127.0.0.1:46785" RUNNING {D58FDE9}>> NIL T NIL)
13: (SB-THREAD::INITIAL-THREAD-FUNCTION-TRAMPOLINE #<SB-THREAD:THREAD "hunchentoot-worker-127.0.0.1:46785" RUNNING {D58FDE9}> #S(SB-THREAD:SEMAPHORE :NAME "Thread setup semaphore" :%COUNT 0 :WAITCOUNT 0 :MUTEX #<SB-THREAD:MUTEX (free) {D58FE21}> :QUEUE #<SB-THREAD:WAITQUEUE  {DAFAA19}>) #<CLOSURE (LAMBDA NIL :IN BORDEAUX-THREADS::BINDING-DEFAULT-SPECIALS) {D58FD9D}> NIL NIL NIL NIL)
14: ("foreign function: call_into_lisp")
15: ("foreign function: funcall0")
16: ("foreign function: new_thread_trampoline")
17: ("foreign function: #x529B69")

